Resolving dependencies...
Downloading packages...
  _flutterfire_internals 1.3.44 (1.3.64 available)
  audioplayers 6.1.0 (6.5.1 available)
  characters 1.4.0 (1.4.1 available)
  cloud_firestore 5.4.3 (6.1.0 available)
  cloud_firestore_platform_interface 6.4.3 (7.0.4 available)
  cloud_firestore_web 4.3.2 (5.1.0 available)
  dio 5.7.0 (5.9.0 available)
  dio_web_adapter 2.0.0 (2.1.1 available)
  firebase_analytics 11.3.3 (12.0.4 available)
  firebase_analytics_platform_interface 4.2.5 (5.0.4 available)
  firebase_analytics_web 0.5.10+2 (0.6.1 available)
  firebase_auth 5.3.1 (6.1.2 available)
  firebase_auth_platform_interface 7.4.7 (8.1.4 available)
  firebase_auth_web 5.13.2 (6.1.0 available)
  firebase_core 3.6.0 (4.2.1 available)
  firebase_core_platform_interface 5.4.2 (6.0.2 available)
  firebase_core_web 2.24.0 (3.3.0 available)
  firebase_messaging 15.1.3 (16.0.4 available)
  firebase_messaging_platform_interface 4.5.46 (4.7.4 available)
  firebase_messaging_web 3.9.2 (4.1.0 available)
  firebase_remote_config 5.1.3 (6.1.1 available)
  firebase_remote_config_platform_interface 1.4.44 (2.0.5 available)
  firebase_remote_config_web 1.7.2 (1.10.0 available)
  firebase_storage 12.3.2 (13.0.4 available)
  firebase_storage_platform_interface 5.1.31 (5.2.15 available)
  firebase_storage_web 3.10.3 (3.11.0 available)
  fl_chart 0.70.2 (1.1.1 available)
  flutter_lints 5.0.0 (6.0.0 available)
  flutter_local_notifications 17.2.3 (19.5.0 available)
  flutter_local_notifications_linux 4.0.1 (6.0.0 available)
  flutter_local_notifications_platform_interface 7.2.0 (9.1.0 available)
  flutter_map 7.0.2 (8.2.2 available)
  flutter_svg 2.0.15 (2.2.1 available)
  geolocator 13.0.2 (14.0.2 available)
  geolocator_android 4.6.2 (5.0.2 available)
  google_fonts 6.2.1 (6.3.2 available)
  intl 0.20.1 (0.20.2 available)
  lints 5.1.1 (6.0.0 available)
  material_color_utilities 0.11.1 (0.13.0 available)
  meta 1.16.0 (1.17.0 available)
  share_plus 10.1.2 (12.0.1 available)
  share_plus_platform_interface 5.0.2 (6.1.0 available)
  test_api 0.7.6 (0.7.7 available)
  timezone 0.9.4 (0.10.1 available)
  unicode 0.3.1 (1.1.8 available)
  url_launcher 6.3.1 (6.3.2 available)
Got dependencies!
46 packages have newer versions incompatible with dependency constraints.
Try `flutter pub outdated` for more information.
Running Gradle task 'assembleRelease'...                        
lib/services/notification_service.dart:5:1: Error: 'NotificationSettings' is imported from both 'package:firebase_messaging_platform_interface/src/notification_settings.dart' and 'package:weltenbibliothek/models/notification_model.dart'.
import '../models/notification_model.dart';
^^^^^^^^^^^^^^^^^^^^
lib/screens/live_dashboard_screen.dart:139:48: Error: Member not found: 'textGrey'.
                unselectedLabelColor: AppTheme.textGrey,
                                               ^^^^^^^^
lib/screens/live_dashboard_screen.dart:509:23: Error: Member not found: 'cardDark'.
      color: AppTheme.cardDark,
                      ^^^^^^^^
lib/screens/live_dashboard_screen.dart:531:23: Error: Member not found: 'cardDark'.
      color: AppTheme.cardDark,
                      ^^^^^^^^
lib/screens/live_dashboard_screen.dart:590:29: Error: Member not found: 'textGrey'.
            color: AppTheme.textGrey,
                            ^^^^^^^^
lib/screens/live_dashboard_screen.dart:599:23: Error: Member not found: 'cardDark'.
      color: AppTheme.cardDark,
                      ^^^^^^^^
lib/services/enhanced_schumann_service.dart:75:9: Error: No named parameter with the name 'currentAmplitude'.
        currentAmplitude: currentData.amplitude,
        ^^^^^^^^^^^^^^^^
lib/models/enhanced_schumann_data.dart:15:3: Context: Found this candidate, but the arguments don't match.
  EnhancedSchumannData({
  ^^^^^^^^^^^^^^^^^^^^
lib/services/enhanced_schumann_service.dart:123:11: Error: No named parameter with the name 'amplitude'.
          amplitude: data['amplitude']?.toDouble() ?? 0.5,
          ^^^^^^^^^
lib/models/enhanced_schumann_data.dart:105:3: Context: Found this candidate, but the arguments don't match.
  SchumannDataPoint({
  ^^^^^^^^^^^^^^^^^
lib/services/enhanced_schumann_service.dart:169:7: Error: No named parameter with the name 'amplitude'.
      amplitude: amplitude.clamp(0.1, 2.0),
      ^^^^^^^^^
lib/models/enhanced_schumann_data.dart:105:3: Context: Found this candidate, but the arguments don't match.
  SchumannDataPoint({
  ^^^^^^^^^^^^^^^^^
lib/services/enhanced_schumann_service.dart:189:11: Error: No named parameter with the name 'amplitude'.
          amplitude: data['amplitude']?.toDouble() ?? 0.5,
          ^^^^^^^^^
lib/models/enhanced_schumann_data.dart:105:3: Context: Found this candidate, but the arguments don't match.
  SchumannDataPoint({
  ^^^^^^^^^^^^^^^^^
lib/services/enhanced_schumann_service.dart:202:14: Error: A value of type 'List<dynamic>' can't be returned from an async function with return type 'Future<List<SchumannDataPoint>>'.
 - 'List' is from 'dart:core'.
 - 'Future' is from 'dart:async'.
 - 'SchumannDataPoint' is from 'package:weltenbibliothek/models/enhanced_schumann_data.dart' ('lib/models/enhanced_schumann_data.dart').
      return dataPoints;
             ^
lib/services/enhanced_schumann_service.dart:217:32: Error: The getter 'amplitude' isn't defined for the type 'SchumannDataPoint'.
 - 'SchumannDataPoint' is from 'package:weltenbibliothek/models/enhanced_schumann_data.dart' ('lib/models/enhanced_schumann_data.dart').
Try correcting the name to the name of an existing getter, or defining a getter or field named 'amplitude'.
        'amplitude': dataPoint.amplitude,
                               ^^^^^^^^^
lib/services/enhanced_schumann_service.dart:218:30: Error: The getter 'quality' isn't defined for the type 'SchumannDataPoint'.
 - 'SchumannDataPoint' is from 'package:weltenbibliothek/models/enhanced_schumann_data.dart' ('lib/models/enhanced_schumann_data.dart').
Try correcting the name to the name of an existing getter, or defining a getter or field named 'quality'.
        'quality': dataPoint.quality,
                             ^^^^^^^
lib/services/enhanced_schumann_service.dart:267:33: Error: Member not found: 'EnhancedSchumannData.calculateTrend'.
    return EnhancedSchumannData.calculateTrend(history);
                                ^^^^^^^^^^^^^^
lib/services/enhanced_schumann_service.dart:324:7: Error: No named parameter with the name 'currentAmplitude'.
      currentAmplitude: current.amplitude,
      ^^^^^^^^^^^^^^^^
lib/models/enhanced_schumann_data.dart:15:3: Context: Found this candidate, but the arguments don't match.
  EnhancedSchumannData({
  ^^^^^^^^^^^^^^^^^^^^
lib/services/enhanced_population_service.dart:133:9: Error: No named parameter with the name 'densityPoints'.
        densityPoints: densityPoints,
        ^^^^^^^^^^^^^
lib/models/enhanced_population_data.dart:15:3: Context: Found this candidate, but the arguments don't match.
  EnhancedPopulationData({
  ^^^^^^^^^^^^^^^^^^^^^^
lib/services/enhanced_population_service.dart:177:13: Error: No named parameter with the name 'density'.
            density: data['density'] as double,
            ^^^^^^^
lib/models/enhanced_population_data.dart:126:3: Context: Found this candidate, but the arguments don't match.
  PopulationDensityPoint({
  ^^^^^^^^^^^^^^^^^^^^^^
lib/services/enhanced_population_service.dart:180:12: Error: A value of type 'List<dynamic>' can't be returned from an async function with return type 'Future<List<PopulationDensityPoint>>'.
 - 'List' is from 'dart:core'.
 - 'Future' is from 'dart:async'.
 - 'PopulationDensityPoint' is from 'package:weltenbibliothek/models/enhanced_population_data.dart' ('lib/models/enhanced_population_data.dart').
        }).toList();
           ^
lib/services/enhanced_population_service.dart:198:70: Error: No named parameter with the name 'density'.
      PopulationDensityPoint(latitude: 35.6762, longitude: 139.6503, density: 6158.0, cityName: 'Tokyo'),
                                                                     ^^^^^^^
lib/models/enhanced_population_data.dart:126:3: Context: Found this candidate, but the arguments don't match.
  PopulationDensityPoint({
  ^^^^^^^^^^^^^^^^^^^^^^
lib/services/enhanced_population_service.dart:199:69: Error: No named parameter with the name 'density'.
      PopulationDensityPoint(latitude: 28.7041, longitude: 77.1025, density: 11320.0, cityName: 'Delhi'),
                                                                    ^^^^^^^
lib/models/enhanced_population_data.dart:126:3: Context: Found this candidate, but the arguments don't match.
  PopulationDensityPoint({
  ^^^^^^^^^^^^^^^^^^^^^^
lib/services/enhanced_population_service.dart:200:70: Error: No named parameter with the name 'density'.
      PopulationDensityPoint(latitude: 31.2304, longitude: 121.4737, density: 3826.0, cityName: 'Shanghai'),
                                                                     ^^^^^^^
lib/models/enhanced_population_data.dart:126:3: Context: Found this candidate, but the arguments don't match.
  PopulationDensityPoint({
  ^^^^^^^^^^^^^^^^^^^^^^
lib/services/enhanced_population_service.dart:201:70: Error: No named parameter with the name 'density'.
      PopulationDensityPoint(latitude: 22.3193, longitude: 114.1694, density: 6659.0, cityName: 'Hong Kong'),
                                                                     ^^^^^^^
lib/models/enhanced_population_data.dart:126:3: Context: Found this candidate, but the arguments don't match.
  PopulationDensityPoint({
  ^^^^^^^^^^^^^^^^^^^^^^
lib/services/enhanced_population_service.dart:202:70: Error: No named parameter with the name 'density'.
      PopulationDensityPoint(latitude: 37.5665, longitude: 126.9780, density: 16364.0, cityName: 'Seoul'),
                                                                     ^^^^^^^
lib/models/enhanced_population_data.dart:126:3: Context: Found this candidate, but the arguments don't match.
  PopulationDensityPoint({
  ^^^^^^^^^^^^^^^^^^^^^^
lib/services/enhanced_population_service.dart:203:69: Error: No named parameter with the name 'density'.
      PopulationDensityPoint(latitude: 19.0760, longitude: 72.8777, density: 20694.0, cityName: 'Mumbai'),
                                                                    ^^^^^^^
lib/models/enhanced_population_data.dart:126:3: Context: Found this candidate, but the arguments don't match.
  PopulationDensityPoint({
  ^^^^^^^^^^^^^^^^^^^^^^
lib/services/enhanced_population_service.dart:204:70: Error: No named parameter with the name 'density'.
      PopulationDensityPoint(latitude: 39.9042, longitude: 116.4074, density: 1312.0, cityName: 'Beijing'),
                                                                     ^^^^^^^
lib/models/enhanced_population_data.dart:126:3: Context: Found this candidate, but the arguments don't match.
  PopulationDensityPoint({
  ^^^^^^^^^^^^^^^^^^^^^^
lib/services/enhanced_population_service.dart:205:70: Error: No named parameter with the name 'density'.
      PopulationDensityPoint(latitude: -6.2088, longitude: 106.8456, density: 15342.0, cityName: 'Jakarta'),
                                                                     ^^^^^^^
lib/models/enhanced_population_data.dart:126:3: Context: Found this candidate, but the arguments don't match.
  PopulationDensityPoint({
  ^^^^^^^^^^^^^^^^^^^^^^
lib/services/enhanced_population_service.dart:206:69: Error: No named parameter with the name 'density'.
      PopulationDensityPoint(latitude: 1.3521, longitude: 103.8198, density: 7953.0, cityName: 'Singapur'),
                                                                    ^^^^^^^
lib/models/enhanced_population_data.dart:126:3: Context: Found this candidate, but the arguments don't match.
  PopulationDensityPoint({
  ^^^^^^^^^^^^^^^^^^^^^^
lib/services/enhanced_population_service.dart:207:70: Error: No named parameter with the name 'density'.
      PopulationDensityPoint(latitude: 13.7563, longitude: 100.5018, density: 5300.0, cityName: 'Bangkok'),
                                                                     ^^^^^^^
lib/models/enhanced_population_data.dart:126:3: Context: Found this candidate, but the arguments don't match.
  PopulationDensityPoint({
  ^^^^^^^^^^^^^^^^^^^^^^
lib/services/enhanced_population_service.dart:210:69: Error: No named parameter with the name 'density'.
      PopulationDensityPoint(latitude: 51.5074, longitude: -0.1278, density: 5701.0, cityName: 'London'),
                                                                    ^^^^^^^
lib/models/enhanced_population_data.dart:126:3: Context: Found this candidate, but the arguments don't match.
  PopulationDensityPoint({
  ^^^^^^^^^^^^^^^^^^^^^^
lib/services/enhanced_population_service.dart:211:68: Error: No named parameter with the name 'density'.
      PopulationDensityPoint(latitude: 48.8566, longitude: 2.3522, density: 21067.0, cityName: 'Paris'),
                                                                   ^^^^^^^
lib/models/enhanced_population_data.dart:126:3: Context: Found this candidate, but the arguments don't match.
  PopulationDensityPoint({
  ^^^^^^^^^^^^^^^^^^^^^^
lib/services/enhanced_population_service.dart:212:69: Error: No named parameter with the name 'density'.
      PopulationDensityPoint(latitude: 52.5200, longitude: 13.4050, density: 4115.0, cityName: 'Berlin'),
                                                                    ^^^^^^^
lib/models/enhanced_population_data.dart:126:3: Context: Found this candidate, but the arguments don't match.
  PopulationDensityPoint({
  ^^^^^^^^^^^^^^^^^^^^^^
lib/services/enhanced_population_service.dart:213:69: Error: No named parameter with the name 'density'.
      PopulationDensityPoint(latitude: 55.7558, longitude: 37.6173, density: 4900.0, cityName: 'Moskau'),
                                                                    ^^^^^^^
lib/models/enhanced_population_data.dart:126:3: Context: Found this candidate, but the arguments don't match.
  PopulationDensityPoint({
  ^^^^^^^^^^^^^^^^^^^^^^
lib/services/enhanced_population_service.dart:214:69: Error: No named parameter with the name 'density'.
      PopulationDensityPoint(latitude: 41.9028, longitude: 12.4964, density: 2232.0, cityName: 'Rom'),
                                                                    ^^^^^^^
lib/models/enhanced_population_data.dart:126:3: Context: Found this candidate, but the arguments don't match.
  PopulationDensityPoint({
  ^^^^^^^^^^^^^^^^^^^^^^
lib/services/enhanced_population_service.dart:217:70: Error: No named parameter with the name 'density'.
      PopulationDensityPoint(latitude: 40.7128, longitude: -74.0060, density: 10933.0, cityName: 'New York'),
                                                                     ^^^^^^^
lib/models/enhanced_population_data.dart:126:3: Context: Found this candidate, but the arguments don't match.
  PopulationDensityPoint({
  ^^^^^^^^^^^^^^^^^^^^^^
lib/services/enhanced_population_service.dart:218:71: Error: No named parameter with the name 'density'.
      PopulationDensityPoint(latitude: 34.0522, longitude: -118.2437, density: 3276.0, cityName: 'Los Angeles'),
                                                                      ^^^^^^^
lib/models/enhanced_population_data.dart:126:3: Context: Found this candidate, but the arguments don't match.
  PopulationDensityPoint({
  ^^^^^^^^^^^^^^^^^^^^^^
lib/services/enhanced_population_service.dart:219:70: Error: No named parameter with the name 'density'.
      PopulationDensityPoint(latitude: 19.4326, longitude: -99.1332, density: 6000.0, cityName: 'Mexiko-Stadt'),
                                                                     ^^^^^^^
lib/models/enhanced_population_data.dart:126:3: Context: Found this candidate, but the arguments don't match.
  PopulationDensityPoint({
  ^^^^^^^^^^^^^^^^^^^^^^
lib/services/enhanced_population_service.dart:220:70: Error: No named parameter with the name 'density'.
      PopulationDensityPoint(latitude: 43.6532, longitude: -79.3832, density: 4334.0, cityName: 'Toronto'),
                                                                     ^^^^^^^
lib/models/enhanced_population_data.dart:126:3: Context: Found this candidate, but the arguments don't match.
  PopulationDensityPoint({
  ^^^^^^^^^^^^^^^^^^^^^^
lib/services/enhanced_population_service.dart:223:71: Error: No named parameter with the name 'density'.
      PopulationDensityPoint(latitude: -23.5505, longitude: -46.6333, density: 7821.0, cityName: 'S??o Paulo'),
                                                                      ^^^^^^^
lib/models/enhanced_population_data.dart:126:3: Context: Found this candidate, but the arguments don't match.
  PopulationDensityPoint({
  ^^^^^^^^^^^^^^^^^^^^^^
lib/services/enhanced_population_service.dart:224:71: Error: No named parameter with the name 'density'.
      PopulationDensityPoint(latitude: -34.6037, longitude: -58.3816, density: 14450.0, cityName: 'Buenos Aires'),
                                                                      ^^^^^^^
lib/models/enhanced_population_data.dart:126:3: Context: Found this candidate, but the arguments don't match.
  PopulationDensityPoint({
  ^^^^^^^^^^^^^^^^^^^^^^
lib/services/enhanced_population_service.dart:225:71: Error: No named parameter with the name 'density'.
      PopulationDensityPoint(latitude: -22.9068, longitude: -43.1729, density: 5265.0, cityName: 'Rio de Janeiro'),
                                                                      ^^^^^^^
lib/models/enhanced_population_data.dart:126:3: Context: Found this candidate, but the arguments don't match.
  PopulationDensityPoint({
  ^^^^^^^^^^^^^^^^^^^^^^
lib/services/enhanced_population_service.dart:228:69: Error: No named parameter with the name 'density'.
      PopulationDensityPoint(latitude: 30.0444, longitude: 31.2357, density: 19376.0, cityName: 'Kairo'),
                                                                    ^^^^^^^
lib/models/enhanced_population_data.dart:126:3: Context: Found this candidate, but the arguments don't match.
  PopulationDensityPoint({
  ^^^^^^^^^^^^^^^^^^^^^^
lib/services/enhanced_population_service.dart:229:67: Error: No named parameter with the name 'density'.
      PopulationDensityPoint(latitude: 6.5244, longitude: 3.3792, density: 2594.0, cityName: 'Lagos'),
                                                                  ^^^^^^^
lib/models/enhanced_population_data.dart:126:3: Context: Found this candidate, but the arguments don't match.
  PopulationDensityPoint({
  ^^^^^^^^^^^^^^^^^^^^^^
lib/services/enhanced_population_service.dart:230:70: Error: No named parameter with the name 'density'.
      PopulationDensityPoint(latitude: -26.2041, longitude: 28.0473, density: 2364.0, cityName: 'Johannesburg'),
                                                                     ^^^^^^^
lib/models/enhanced_population_data.dart:126:3: Context: Found this candidate, but the arguments don't match.
  PopulationDensityPoint({
  ^^^^^^^^^^^^^^^^^^^^^^
lib/services/enhanced_population_service.dart:233:71: Error: No named parameter with the name 'density'.
      PopulationDensityPoint(latitude: -33.8688, longitude: 151.2093, density: 433.0, cityName: 'Sydney'),
                                                                      ^^^^^^^
lib/models/enhanced_population_data.dart:126:3: Context: Found this candidate, but the arguments don't match.
  PopulationDensityPoint({
  ^^^^^^^^^^^^^^^^^^^^^^
lib/services/enhanced_population_service.dart:234:71: Error: No named parameter with the name 'density'.
      PopulationDensityPoint(latitude: -37.8136, longitude: 144.9631, density: 508.0, cityName: 'Melbourne'),
                                                                      ^^^^^^^
lib/models/enhanced_population_data.dart:126:3: Context: Found this candidate, but the arguments don't match.
  PopulationDensityPoint({
  ^^^^^^^^^^^^^^^^^^^^^^
lib/services/enhanced_population_service.dart:363:7: Error: No named parameter with the name 'densityPoints'.
      densityPoints: _generateKnownCitiesDensity(),
      ^^^^^^^^^^^^^
lib/models/enhanced_population_data.dart:15:3: Context: Found this candidate, but the arguments don't match.
  EnhancedPopulationData({
  ^^^^^^^^^^^^^^^^^^^^^^
lib/services/correlation_service.dart:295:39: Error: The getter 'densityPoints' isn't defined for the type 'EnhancedPopulationData'.
 - 'EnhancedPopulationData' is from 'package:weltenbibliothek/models/enhanced_population_data.dart' ('lib/models/enhanced_population_data.dart').
Try correcting the name to the name of an existing getter, or defining a getter or field named 'densityPoints'.
      final nearbyCities = population.densityPoints.where((city) {
                                      ^^^^^^^^^^^^^
lib/widgets/schumann_spectrogram_widget.dart:59:35: Error: The getter 'currentAmplitude' isn't defined for the type 'EnhancedSchumannData'.
 - 'EnhancedSchumannData' is from 'package:weltenbibliothek/models/enhanced_schumann_data.dart' ('lib/models/enhanced_schumann_data.dart').
Try correcting the name to the name of an existing getter, or defining a getter or field named 'currentAmplitude'.
                  amplitude: data.currentAmplitude,
                                  ^^^^^^^^^^^^^^^^
lib/widgets/schumann_spectrogram_widget.dart:183:18: Error: The getter 'currentAmplitude' isn't defined for the type 'EnhancedSchumannData'.
 - 'EnhancedSchumannData' is from 'package:weltenbibliothek/models/enhanced_schumann_data.dart' ('lib/models/enhanced_schumann_data.dart').
Try correcting the name to the name of an existing getter, or defining a getter or field named 'currentAmplitude'.
            data.currentAmplitude.toStringAsFixed(3),
                 ^^^^^^^^^^^^^^^^
lib/widgets/schumann_spectrogram_widget.dart:188:18: Error: The getter 'currentQuality' isn't defined for the type 'EnhancedSchumannData'.
 - 'EnhancedSchumannData' is from 'package:weltenbibliothek/models/enhanced_schumann_data.dart' ('lib/models/enhanced_schumann_data.dart').
Try correcting the name to the name of an existing getter, or defining a getter or field named 'currentQuality'.
            data.currentQuality.toStringAsFixed(1),
                 ^^^^^^^^^^^^^^
lib/widgets/population_heatmap_widget.dart:78:48: Error: The getter 'densityPoints' isn't defined for the type 'EnhancedPopulationData'.
 - 'EnhancedPopulationData' is from 'package:weltenbibliothek/models/enhanced_population_data.dart' ('lib/models/enhanced_population_data.dart').
Try correcting the name to the name of an existing getter, or defining a getter or field named 'densityPoints'.
                    densityPoints: widget.data.densityPoints,
                                               ^^^^^^^^^^^^^
lib/widgets/population_heatmap_widget.dart:79:67: Error: The getter 'recentEvents' isn't defined for the type 'EnhancedPopulationData'.
 - 'EnhancedPopulationData' is from 'package:weltenbibliothek/models/enhanced_population_data.dart' ('lib/models/enhanced_population_data.dart').
Try correcting the name to the name of an existing getter, or defining a getter or field named 'recentEvents'.
                    recentEvents: widget.showEvents ? widget.data.recentEvents : [],
                                                                  ^^^^^^^^^^^^
lib/widgets/population_heatmap_widget.dart:225:34: Error: The method 'getDensityCategory' isn't defined for the type 'PopulationDensityPoint'.
 - 'PopulationDensityPoint' is from 'package:weltenbibliothek/models/enhanced_population_data.dart' ('lib/models/enhanced_population_data.dart').
Try correcting the name to the name of an existing method, or defining a method named 'getDensityCategory'.
    final densityCategory = city.getDensityCategory();
                                 ^^^^^^^^^^^^^^^^^^
lib/widgets/population_heatmap_widget.dart:226:24: Error: The method 'getDensityColor' isn't defined for the type 'PopulationDensityPoint'.
 - 'PopulationDensityPoint' is from 'package:weltenbibliothek/models/enhanced_population_data.dart' ('lib/models/enhanced_population_data.dart').
Try correcting the name to the name of an existing method, or defining a method named 'getDensityColor'.
    final color = city.getDensityColor();
                       ^^^^^^^^^^^^^^^
lib/widgets/population_heatmap_widget.dart:251:27: Error: The getter 'density' isn't defined for the type 'PopulationDensityPoint'.
 - 'PopulationDensityPoint' is from 'package:weltenbibliothek/models/enhanced_population_data.dart' ('lib/models/enhanced_population_data.dart').
Try correcting the name to the name of an existing getter, or defining a getter or field named 'density'.
                  '${city.density.toStringAsFixed(0)} Einwohner/km??',
                          ^^^^^^^
lib/widgets/population_heatmap_widget.dart:290:28: Error: The getter 'recentEvents' isn't defined for the type 'EnhancedPopulationData'.
 - 'EnhancedPopulationData' is from 'package:weltenbibliothek/models/enhanced_population_data.dart' ('lib/models/enhanced_population_data.dart').
Try correcting the name to the name of an existing getter, or defining a getter or field named 'recentEvents'.
            '${widget.data.recentEvents.length}',
                           ^^^^^^^^^^^^
lib/widgets/population_heatmap_widget.dart:296:28: Error: The getter 'recentEvents' isn't defined for the type 'EnhancedPopulationData'.
 - 'EnhancedPopulationData' is from 'package:weltenbibliothek/models/enhanced_population_data.dart' ('lib/models/enhanced_population_data.dart').
Try correcting the name to the name of an existing getter, or defining a getter or field named 'recentEvents'.
            '${widget.data.recentEvents.where((e) => e.type == PopulationEventType.birth).length}',
                           ^^^^^^^^^^^^
lib/widgets/population_heatmap_widget.dart:302:28: Error: The getter 'recentEvents' isn't defined for the type 'EnhancedPopulationData'.
 - 'EnhancedPopulationData' is from 'package:weltenbibliothek/models/enhanced_population_data.dart' ('lib/models/enhanced_population_data.dart').
Try correcting the name to the name of an existing getter, or defining a getter or field named 'recentEvents'.
            '${widget.data.recentEvents.where((e) => e.type == PopulationEventType.death).length}',
                           ^^^^^^^^^^^^
lib/widgets/population_heatmap_widget.dart:308:28: Error: The getter 'densityPoints' isn't defined for the type 'EnhancedPopulationData'.
 - 'EnhancedPopulationData' is from 'package:weltenbibliothek/models/enhanced_population_data.dart' ('lib/models/enhanced_population_data.dart').
Try correcting the name to the name of an existing getter, or defining a getter or field named 'densityPoints'.
            '${widget.data.densityPoints.length}',
                           ^^^^^^^^^^^^^
lib/widgets/population_heatmap_widget.dart:458:27: Error: The method 'getDensityColor' isn't defined for the type 'PopulationDensityPoint'.
 - 'PopulationDensityPoint' is from 'package:weltenbibliothek/models/enhanced_population_data.dart' ('lib/models/enhanced_population_data.dart').
Try correcting the name to the name of an existing method, or defining a method named 'getDensityColor'.
      final color = point.getDensityColor();
                          ^^^^^^^^^^^^^^^
lib/widgets/population_heatmap_widget.dart:462:36: Error: The getter 'density' isn't defined for the type 'PopulationDensityPoint'.
 - 'PopulationDensityPoint' is from 'package:weltenbibliothek/models/enhanced_population_data.dart' ('lib/models/enhanced_population_data.dart').
Try correcting the name to the name of an existing getter, or defining a getter or field named 'density'.
      final densityFactor = (point.density / 25000).clamp(0.5, 3.0);
                                   ^^^^^^^
lib/screens/enhanced_live_dashboard_screen.dart:290:12: Error: Not a constant expression.
      case SchumannTrend.rising:
           ^^^^^^^^^^^^^
lib/screens/enhanced_live_dashboard_screen.dart:295:12: Error: Not a constant expression.
      case SchumannTrend.falling:
           ^^^^^^^^^^^^^
lib/screens/enhanced_live_dashboard_screen.dart:300:12: Error: Not a constant expression.
      case SchumannTrend.stable:
           ^^^^^^^^^^^^^
lib/screens/enhanced_live_dashboard_screen.dart:305:12: Error: Not a constant expression.
      case SchumannTrend.volatile:
           ^^^^^^^^^^^^^
lib/screens/enhanced_live_dashboard_screen.dart:320:22: Error: Non-nullable variable 'trendIcon' must be assigned before it can be used.
                Icon(trendIcon, color: trendColor),
                     ^^^^^^^^^
lib/screens/enhanced_live_dashboard_screen.dart:320:40: Error: Non-nullable variable 'trendColor' must be assigned before it can be used.
                Icon(trendIcon, color: trendColor),
                                       ^^^^^^^^^^
lib/screens/enhanced_live_dashboard_screen.dart:342:23: Error: Non-nullable variable 'trendText' must be assigned before it can be used.
                      trendText,
                      ^^^^^^^^^
lib/screens/enhanced_live_dashboard_screen.dart:344:32: Error: Non-nullable variable 'trendColor' must be assigned before it can be used.
                        color: trendColor,
                               ^^^^^^^^^^
lib/screens/enhanced_live_dashboard_screen.dart:376:12: Error: Not a constant expression.
      case AnomalyLevel.normal:
           ^^^^^^^^^^^^
lib/screens/enhanced_live_dashboard_screen.dart:378:12: Error: Not a constant expression.
      case AnomalyLevel.low:
           ^^^^^^^^^^^^
lib/screens/enhanced_live_dashboard_screen.dart:380:12: Error: Not a constant expression.
      case AnomalyLevel.moderate:
           ^^^^^^^^^^^^
lib/screens/enhanced_live_dashboard_screen.dart:382:12: Error: Not a constant expression.
      case AnomalyLevel.high:
           ^^^^^^^^^^^^
lib/screens/enhanced_live_dashboard_screen.dart:384:12: Error: Not a constant expression.
      case AnomalyLevel.extreme:
           ^^^^^^^^^^^^
lib/screens/enhanced_live_dashboard_screen.dart:393:12: Error: Not a constant expression.
      case AnomalyLevel.normal:
           ^^^^^^^^^^^^
lib/screens/enhanced_live_dashboard_screen.dart:395:12: Error: Not a constant expression.
      case AnomalyLevel.low:
           ^^^^^^^^^^^^
lib/screens/enhanced_live_dashboard_screen.dart:397:12: Error: Not a constant expression.
      case AnomalyLevel.moderate:
           ^^^^^^^^^^^^
lib/screens/enhanced_live_dashboard_screen.dart:399:12: Error: Not a constant expression.
      case AnomalyLevel.high:
           ^^^^^^^^^^^^
lib/screens/enhanced_live_dashboard_screen.dart:401:12: Error: Not a constant expression.
      case AnomalyLevel.extreme:
           ^^^^^^^^^^^^
lib/screens/correlation_dashboard_screen.dart:40:58: Error: The method 'getSchumannEarthquakeCorrelation' isn't defined for the type 'CorrelationService'.
 - 'CorrelationService' is from 'package:weltenbibliothek/services/correlation_service.dart' ('lib/services/correlation_service.dart').
Try correcting the name to the name of an existing method, or defining a method named 'getSchumannEarthquakeCorrelation'.
      final earthquakeResult = await _correlationService.getSchumannEarthquakeCorrelation();
                                                         ^^^^^^^^^^^^^^^^^^^^^^^^^^^^^^^^
lib/screens/correlation_dashboard_screen.dart:41:51: Error: The method 'getSchumannUFOCorrelation' isn't defined for the type 'CorrelationService'.
 - 'CorrelationService' is from 'package:weltenbibliothek/services/correlation_service.dart' ('lib/services/correlation_service.dart').
Try correcting the name to the name of an existing method, or defining a method named 'getSchumannUFOCorrelation'.
      final ufoResult = await _correlationService.getSchumannUFOCorrelation();
                                                  ^^^^^^^^^^^^^^^^^^^^^^^^^
lib/screens/correlation_dashboard_screen.dart:42:53: Error: The method 'getSchumannSolarCorrelation' isn't defined for the type 'CorrelationService'.
 - 'CorrelationService' is from 'package:weltenbibliothek/services/correlation_service.dart' ('lib/services/correlation_service.dart').
Try correcting the name to the name of an existing method, or defining a method named 'getSchumannSolarCorrelation'.
      final solarResult = await _correlationService.getSchumannSolarCorrelation();
                                                    ^^^^^^^^^^^^^^^^^^^^^^^^^^^
lib/screens/correlation_dashboard_screen.dart:248:30: Error: The getter 'interpretation' isn't defined for the type 'CorrelationResult'.
 - 'CorrelationResult' is from 'package:weltenbibliothek/services/correlation_service.dart' ('lib/services/correlation_service.dart').
Try correcting the name to the name of an existing getter, or defining a getter or field named 'interpretation'.
                      result.interpretation,
                             ^^^^^^^^^^^^^^
lib/screens/correlation_dashboard_screen.dart:282:32: Error: Member not found: 'veryStrong'.
      case CorrelationStrength.veryStrong:
                               ^^^^^^^^^^
lib/screens/correlation_dashboard_screen.dart:334:18: Error: The getter 'pValue' isn't defined for the type 'CorrelationResult'.
 - 'CorrelationResult' is from 'package:weltenbibliothek/services/correlation_service.dart' ('lib/services/correlation_service.dart').
Try correcting the name to the name of an existing getter, or defining a getter or field named 'pValue'.
          result.pValue.toStringAsFixed(3),
                 ^^^^^^
lib/screens/correlation_dashboard_screen.dart:388:16: Error: The getter 'pairs' isn't defined for the type 'CorrelationResult'.
 - 'CorrelationResult' is from 'package:weltenbibliothek/services/correlation_service.dart' ('lib/services/correlation_service.dart').
Try correcting the name to the name of an existing getter, or defining a getter or field named 'pairs'.
    if (result.pairs != null && result.pairs!.length >= 2) {
               ^^^^^
lib/screens/correlation_dashboard_screen.dart:388:40: Error: The getter 'pairs' isn't defined for the type 'CorrelationResult'.
 - 'CorrelationResult' is from 'package:weltenbibliothek/services/correlation_service.dart' ('lib/services/correlation_service.dart').
Try correcting the name to the name of an existing getter, or defining a getter or field named 'pairs'.
    if (result.pairs != null && result.pairs!.length >= 2) {
                                       ^^^^^
lib/screens/correlation_dashboard_screen.dart:448:16: Error: The getter 'pairs' isn't defined for the type 'CorrelationResult'.
 - 'CorrelationResult' is from 'package:weltenbibliothek/services/correlation_service.dart' ('lib/services/correlation_service.dart').
Try correcting the name to the name of an existing getter, or defining a getter or field named 'pairs'.
    if (result.pairs == null || result.pairs!.isEmpty) return;
               ^^^^^
lib/screens/correlation_dashboard_screen.dart:448:40: Error: The getter 'pairs' isn't defined for the type 'CorrelationResult'.
 - 'CorrelationResult' is from 'package:weltenbibliothek/services/correlation_service.dart' ('lib/services/correlation_service.dart').
Try correcting the name to the name of an existing getter, or defining a getter or field named 'pairs'.
    if (result.pairs == null || result.pairs!.isEmpty) return;
                                       ^^^^^
lib/screens/correlation_dashboard_screen.dart:451:28: Error: The getter 'pairs' isn't defined for the type 'CorrelationResult'.
 - 'CorrelationResult' is from 'package:weltenbibliothek/services/correlation_service.dart' ('lib/services/correlation_service.dart').
Try correcting the name to the name of an existing getter, or defining a getter or field named 'pairs'.
    final xValues = result.pairs!.map((p) => p.x).toList();
                           ^^^^^
lib/screens/correlation_dashboard_screen.dart:452:28: Error: The getter 'pairs' isn't defined for the type 'CorrelationResult'.
 - 'CorrelationResult' is from 'package:weltenbibliothek/services/correlation_service.dart' ('lib/services/correlation_service.dart').
Try correcting the name to the name of an existing getter, or defining a getter or field named 'pairs'.
    final yValues = result.pairs!.map((p) => p.y).toList();
                           ^^^^^
lib/screens/correlation_dashboard_screen.dart:468:31: Error: The getter 'pairs' isn't defined for the type 'CorrelationResult'.
 - 'CorrelationResult' is from 'package:weltenbibliothek/services/correlation_service.dart' ('lib/services/correlation_service.dart').
Try correcting the name to the name of an existing getter, or defining a getter or field named 'pairs'.
    for (final pair in result.pairs!) {
                              ^^^^^
lib/screens/correlation_dashboard_screen.dart:476:32: Error: The argument type 'num' can't be assigned to the parameter type 'double'.
      canvas.drawCircle(Offset(x, y), 4, paint);
                               ^
lib/screens/correlation_dashboard_screen.dart:484:32: Error: The argument type 'num' can't be assigned to the parameter type 'double'.
      canvas.drawCircle(Offset(x, y), 4, outlinePaint);
                               ^
lib/screens/correlation_dashboard_screen.dart:489:16: Error: The getter 'pairs' isn't defined for the type 'CorrelationResult'.
 - 'CorrelationResult' is from 'package:weltenbibliothek/services/correlation_service.dart' ('lib/services/correlation_service.dart').
Try correcting the name to the name of an existing getter, or defining a getter or field named 'pairs'.
    if (result.pairs == null || result.pairs!.length < 2) return;
               ^^^^^
lib/screens/correlation_dashboard_screen.dart:489:40: Error: The getter 'pairs' isn't defined for the type 'CorrelationResult'.
 - 'CorrelationResult' is from 'package:weltenbibliothek/services/correlation_service.dart' ('lib/services/correlation_service.dart').
Try correcting the name to the name of an existing getter, or defining a getter or field named 'pairs'.
    if (result.pairs == null || result.pairs!.length < 2) return;
                                       ^^^^^
lib/screens/correlation_dashboard_screen.dart:491:28: Error: The getter 'pairs' isn't defined for the type 'CorrelationResult'.
 - 'CorrelationResult' is from 'package:weltenbibliothek/services/correlation_service.dart' ('lib/services/correlation_service.dart').
Try correcting the name to the name of an existing getter, or defining a getter or field named 'pairs'.
    final xValues = result.pairs!.map((p) => p.x).toList();
                           ^^^^^
lib/screens/correlation_dashboard_screen.dart:492:28: Error: The getter 'pairs' isn't defined for the type 'CorrelationResult'.
 - 'CorrelationResult' is from 'package:weltenbibliothek/services/correlation_service.dart' ('lib/services/correlation_service.dart').
Try correcting the name to the name of an existing getter, or defining a getter or field named 'pairs'.
    final yValues = result.pairs!.map((p) => p.y).toList();
                           ^^^^^
lib/screens/correlation_dashboard_screen.dart:505:22: Error: The getter 'pairs' isn't defined for the type 'CorrelationResult'.
 - 'CorrelationResult' is from 'package:weltenbibliothek/services/correlation_service.dart' ('lib/services/correlation_service.dart').
Try correcting the name to the name of an existing getter, or defining a getter or field named 'pairs'.
    final n = result.pairs!.length;
                     ^^^^^
lib/services/notification_service.dart:155:14: Error: 'NotificationSettings' is imported from both 'package:firebase_messaging_platform_interface/src/notification_settings.dart' and 'package:weltenbibliothek/models/notification_model.dart'.
      return NotificationSettings();
             ^^^^^^^^^^^^^^^^^^^^
lib/services/notification_service.dart:167:16: Error: 'NotificationSettings' is imported from both 'package:firebase_messaging_platform_interface/src/notification_settings.dart' and 'package:weltenbibliothek/models/notification_model.dart'.
        return NotificationSettings.fromMap(doc.data()!);
               ^^^^^^^^^^^^^^^^^^^^
lib/services/notification_service.dart:173:12: Error: 'NotificationSettings' is imported from both 'package:firebase_messaging_platform_interface/src/notification_settings.dart' and 'package:weltenbibliothek/models/notification_model.dart'.
    return NotificationSettings();
           ^^^^^^^^^^^^^^^^^^^^
lib/services/live_data_monitor_service.dart:96:32: Error: The method '_showLocalNotification' isn't defined for the type 'NotificationService'.
 - 'NotificationService' is from 'package:weltenbibliothek/services/notification_service.dart' ('lib/services/notification_service.dart').
Try correcting the name to the name of an existing method, or defining a method named '_showLocalNotification'.
    await _notificationService._showLocalNotification(
                               ^^^^^^^^^^^^^^^^^^^^^^
lib/services/live_data_monitor_service.dart:99:40: Error: The getter 'id' isn't defined for the type 'EarthquakeData'.
 - 'EarthquakeData' is from 'package:weltenbibliothek/services/live_data_service.dart' ('lib/services/live_data_service.dart').
Try correcting the name to the name of an existing getter, or defining a getter or field named 'id'.
      payload: 'earthquake:${strongest.id}',
                                       ^^
lib/services/live_data_monitor_service.dart:114:18: Error: The getter 'currentValue' isn't defined for the type 'SchumannResonance'.
 - 'SchumannResonance' is from 'package:weltenbibliothek/services/live_data_service.dart' ('lib/services/live_data_service.dart').
Try correcting the name to the name of an existing getter, or defining a getter or field named 'currentValue'.
    if (schumann.currentValue >= threshold) {
                 ^^^^^^^^^^^^
lib/services/live_data_monitor_service.dart:116:34: Error: The method '_showLocalNotification' isn't defined for the type 'NotificationService'.
 - 'NotificationService' is from 'package:weltenbibliothek/services/notification_service.dart' ('lib/services/notification_service.dart').
Try correcting the name to the name of an existing method, or defining a method named '_showLocalNotification'.
      await _notificationService._showLocalNotification(
                                 ^^^^^^^^^^^^^^^^^^^^^^
lib/services/live_data_monitor_service.dart:118:46: Error: The getter 'currentValue' isn't defined for the type 'SchumannResonance'.
 - 'SchumannResonance' is from 'package:weltenbibliothek/services/live_data_service.dart' ('lib/services/live_data_service.dart').
Try correcting the name to the name of an existing getter, or defining a getter or field named 'currentValue'.
        body: 'Aktuelle Frequenz: ${schumann.currentValue.toStringAsFixed(2)} Hz (Normal: 7.83 Hz)',
                                             ^^^^^^^^^^^^
lib/services/live_data_monitor_service.dart:123:60: Error: The getter 'currentValue' isn't defined for the type 'SchumannResonance'.
 - 'SchumannResonance' is from 'package:weltenbibliothek/services/live_data_service.dart' ('lib/services/live_data_service.dart').
Try correcting the name to the name of an existing getter, or defining a getter or field named 'currentValue'.
      debugPrint('???? Schumann spike alert sent: ${schumann.currentValue} Hz');
                                                           ^^^^^^^^^^^^
lib/services/live_data_monitor_service.dart:141:33: Error: The getter 'intensity' isn't defined for the type 'SolarActivity'.
 - 'SolarActivity' is from 'package:weltenbibliothek/services/live_data_service.dart' ('lib/services/live_data_service.dart').
Try correcting the name to the name of an existing getter, or defining a getter or field named 'intensity'.
    final estimatedKp = (latest.intensity / 1e-6).clamp(0, 9).toInt();
                                ^^^^^^^^^
lib/services/live_data_monitor_service.dart:145:34: Error: The method '_showLocalNotification' isn't defined for the type 'NotificationService'.
 - 'NotificationService' is from 'package:weltenbibliothek/services/notification_service.dart' ('lib/services/notification_service.dart').
Try correcting the name to the name of an existing method, or defining a method named '_showLocalNotification'.
      await _notificationService._showLocalNotification(
                                 ^^^^^^^^^^^^^^^^^^^^^^
Target kernel_snapshot_program failed: Exception


FAILURE: Build failed with an exception.

* What went wrong:
Execution failed for task ':app:compileFlutterBuildRelease'.
> Process 'command '/opt/flutter/bin/flutter'' finished with non-zero exit value 1

* Try:
> Run with --stacktrace option to get the stack trace.
> Run with --info or --debug option to get more log output.
> Run with --scan to get full insights.
> Get more help at https://help.gradle.org.

BUILD FAILED in 24s
Running Gradle task 'assembleRelease'...                           24.9s
Gradle task assembleRelease failed with exit code 1
